2014/11/09 17:33:45 [error] [php] mkdir(): File exists (C:\wamp\www\yii-framework\framework\utils\CFileHelper.php:307)
Stack trace:
#0 C:\wamp\www\yii-framework\framework\web\CAssetManager.php(251): copyDirectory()
#1 C:\wamp\www\yii-framework\framework\web\CClientScript.php(510): CAssetManager->publish()
#2 C:\wamp\www\yii-framework\framework\zii\widgets\jui\CJuiWidget.php(98): CClientScript->getCoreScriptUrl()
#3 C:\wamp\www\yii-framework\framework\zii\widgets\jui\CJuiWidget.php(81): CJuiProgressBar->resolvePackagePath()
#4 C:\wamp\www\yii-framework\framework\web\CBaseController.php(147): CJuiProgressBar->init()
#5 C:\wamp\www\yii-framework\framework\web\CBaseController.php(172): SiteController->createWidget()
#6 C:\wamp\www\sge\themes\shadow_dancer\views\site\index.php(82): SiteController->widget()
#7 C:\wamp\www\yii-framework\framework\web\CBaseController.php(126): require()
#8 C:\wamp\www\yii-framework\framework\web\CBaseController.php(95): SiteController->renderInternal()
#9 C:\wamp\www\yii-framework\framework\web\CController.php(869): SiteController->renderFile()
#10 C:\wamp\www\yii-framework\framework\web\CController.php(782): SiteController->renderPartial()
#11 C:\wamp\www\sge\protected\controllers\SiteController.php(32): SiteController->render()
#12 C:\wamp\www\yii-framework\framework\web\actions\CInlineAction.php(49): SiteController->actionIndex()
#13 C:\wamp\www\yii-framework\framework\web\CController.php(308): CInlineAction->runWithParams()
#14 C:\wamp\www\yii-framework\framework\web\CController.php(286): SiteController->runAction()
#15 C:\wamp\www\yii-framework\framework\web\CController.php(265): SiteController->runActionWithFilters()
#16 C:\wamp\www\yii-framework\framework\web\CWebApplication.php(282): SiteController->run()
#17 C:\wamp\www\yii-framework\framework\web\CWebApplication.php(141): CWebApplication->runController()
#18 C:\wamp\www\yii-framework\framework\base\CApplication.php(180): CWebApplication->processRequest()
#19 C:\wamp\www\sge\index.php(13): CWebApplication->run()
REQUEST_URI=/sge/
in C:\wamp\www\sge\themes\shadow_dancer\views\site\index.php (82)
in C:\wamp\www\sge\protected\controllers\SiteController.php (32)
in C:\wamp\www\sge\index.php (13)
